mode: atomic
github.com/Dmitrii-Khramtsov/orderservice/internal/application/order_service.go:33.126,40.2 1 0
github.com/Dmitrii-Khramtsov/orderservice/internal/application/order_service.go:50.98,54.47 3 0
github.com/Dmitrii-Khramtsov/orderservice/internal/application/order_service.go:54.47,56.3 1 0
github.com/Dmitrii-Khramtsov/orderservice/internal/application/order_service.go:58.2,60.49 2 0
github.com/Dmitrii-Khramtsov/orderservice/internal/application/order_service.go:60.49,62.3 1 0
github.com/Dmitrii-Khramtsov/orderservice/internal/application/order_service.go:64.2,66.20 2 0
github.com/Dmitrii-Khramtsov/orderservice/internal/application/order_service.go:69.66,70.41 1 0
github.com/Dmitrii-Khramtsov/orderservice/internal/application/order_service.go:70.41,76.3 2 0
github.com/Dmitrii-Khramtsov/orderservice/internal/application/order_service.go:77.2,77.12 1 0
github.com/Dmitrii-Khramtsov/orderservice/internal/application/order_service.go:80.79,82.9 2 0
github.com/Dmitrii-Khramtsov/orderservice/internal/application/order_service.go:83.14,84.22 1 0
github.com/Dmitrii-Khramtsov/orderservice/internal/application/order_service.go:85.29,86.21 1 0
github.com/Dmitrii-Khramtsov/orderservice/internal/application/order_service.go:87.10,88.22 1 0
github.com/Dmitrii-Khramtsov/orderservice/internal/application/order_service.go:92.84,93.53 1 0
github.com/Dmitrii-Khramtsov/orderservice/internal/application/order_service.go:93.53,99.3 2 0
github.com/Dmitrii-Khramtsov/orderservice/internal/application/order_service.go:100.2,100.12 1 0
github.com/Dmitrii-Khramtsov/orderservice/internal/application/order_service.go:103.78,109.2 2 0
github.com/Dmitrii-Khramtsov/orderservice/internal/application/order_service.go:111.77,116.2 1 0
github.com/Dmitrii-Khramtsov/orderservice/internal/application/order_service.go:118.89,119.44 1 0
github.com/Dmitrii-Khramtsov/orderservice/internal/application/order_service.go:119.44,122.3 2 0
github.com/Dmitrii-Khramtsov/orderservice/internal/application/order_service.go:124.2,125.16 2 0
github.com/Dmitrii-Khramtsov/orderservice/internal/application/order_service.go:125.16,131.3 2 0
github.com/Dmitrii-Khramtsov/orderservice/internal/application/order_service.go:133.2,135.21 3 0
github.com/Dmitrii-Khramtsov/orderservice/internal/application/order_service.go:138.94,140.16 2 0
github.com/Dmitrii-Khramtsov/orderservice/internal/application/order_service.go:140.16,142.3 1 0
github.com/Dmitrii-Khramtsov/orderservice/internal/application/order_service.go:143.2,143.19 1 0
github.com/Dmitrii-Khramtsov/orderservice/internal/application/order_service.go:146.71,147.52 1 0
github.com/Dmitrii-Khramtsov/orderservice/internal/application/order_service.go:147.52,153.3 2 0
github.com/Dmitrii-Khramtsov/orderservice/internal/application/order_service.go:155.2,156.9 2 0
github.com/Dmitrii-Khramtsov/orderservice/internal/application/order_service.go:156.9,158.3 1 0
github.com/Dmitrii-Khramtsov/orderservice/internal/application/order_service.go:160.2,161.12 2 0
github.com/Dmitrii-Khramtsov/orderservice/internal/application/order_service.go:164.62,167.48 2 0
github.com/Dmitrii-Khramtsov/orderservice/internal/application/order_service.go:167.48,170.3 2 0
github.com/Dmitrii-Khramtsov/orderservice/internal/application/order_service.go:172.2,173.12 2 0
github.com/Dmitrii-Khramtsov/orderservice/internal/application/order_service.go:176.83,178.16 2 0
github.com/Dmitrii-Khramtsov/orderservice/internal/application/order_service.go:178.16,181.3 2 0
github.com/Dmitrii-Khramtsov/orderservice/internal/application/order_service.go:182.2,183.20 2 0
github.com/Dmitrii-Khramtsov/orderservice/internal/application/order_service.go:186.84,188.2 1 0
github.com/Dmitrii-Khramtsov/orderservice/internal/bootstrap/factory/cache.go:9.67,11.2 1 0
github.com/Dmitrii-Khramtsov/orderservice/internal/bootstrap/factory/database.go:16.82,18.16 2 0
github.com/Dmitrii-Khramtsov/orderservice/internal/bootstrap/factory/database.go:18.16,21.3 2 0
github.com/Dmitrii-Khramtsov/orderservice/internal/bootstrap/factory/database.go:23.2,27.16 4 0
github.com/Dmitrii-Khramtsov/orderservice/internal/bootstrap/factory/database.go:30.114,32.16 2 0
github.com/Dmitrii-Khramtsov/orderservice/internal/bootstrap/factory/database.go:32.16,34.3 1 0
github.com/Dmitrii-Khramtsov/orderservice/internal/bootstrap/factory/database.go:36.2,44.71 2 0
github.com/Dmitrii-Khramtsov/orderservice/internal/bootstrap/factory/kafka.go:13.136,32.2 2 0
github.com/Dmitrii-Khramtsov/orderservice/internal/bootstrap/factory/logger.go:11.68,13.69 2 0
github.com/Dmitrii-Khramtsov/orderservice/internal/bootstrap/factory/logger.go:13.69,15.3 1 0
github.com/Dmitrii-Khramtsov/orderservice/internal/bootstrap/factory/logger.go:16.2,16.31 1 0
github.com/Dmitrii-Khramtsov/orderservice/internal/bootstrap/factory/server.go:10.58,15.2 1 0
github.com/Dmitrii-Khramtsov/orderservice/internal/bootstrap/app.go:29.58,31.2 1 0
github.com/Dmitrii-Khramtsov/orderservice/internal/bootstrap/app.go:44.29,46.16 2 0
github.com/Dmitrii-Khramtsov/orderservice/internal/bootstrap/app.go:46.16,48.3 1 0
github.com/Dmitrii-Khramtsov/orderservice/internal/bootstrap/app.go:50.2,51.16 2 0
github.com/Dmitrii-Khramtsov/orderservice/internal/bootstrap/app.go:51.16,53.3 1 0
github.com/Dmitrii-Khramtsov/orderservice/internal/bootstrap/app.go:54.2,56.16 3 0
github.com/Dmitrii-Khramtsov/orderservice/internal/bootstrap/app.go:56.16,58.3 1 0
github.com/Dmitrii-Khramtsov/orderservice/internal/bootstrap/app.go:60.2,60.103 1 0
github.com/Dmitrii-Khramtsov/orderservice/internal/bootstrap/app.go:60.103,62.3 1 0
github.com/Dmitrii-Khramtsov/orderservice/internal/bootstrap/app.go:64.2,65.16 2 0
github.com/Dmitrii-Khramtsov/orderservice/internal/bootstrap/app.go:65.16,67.3 1 0
github.com/Dmitrii-Khramtsov/orderservice/internal/bootstrap/app.go:68.2,85.8 6 0
github.com/Dmitrii-Khramtsov/orderservice/internal/bootstrap/lifecycle.go:11.21,17.12 4 0
github.com/Dmitrii-Khramtsov/orderservice/internal/bootstrap/lifecycle.go:17.12,18.82 1 0
github.com/Dmitrii-Khramtsov/orderservice/internal/bootstrap/lifecycle.go:18.82,20.4 1 0
github.com/Dmitrii-Khramtsov/orderservice/internal/bootstrap/lifecycle.go:24.45,27.54 2 0
github.com/Dmitrii-Khramtsov/orderservice/internal/bootstrap/lifecycle.go:27.54,29.3 1 0
github.com/Dmitrii-Khramtsov/orderservice/internal/bootstrap/lifecycle.go:31.2,31.47 1 0
github.com/Dmitrii-Khramtsov/orderservice/internal/bootstrap/lifecycle.go:31.47,33.3 1 0
github.com/Dmitrii-Khramtsov/orderservice/internal/bootstrap/lifecycle.go:35.2,45.37 2 0
github.com/Dmitrii-Khramtsov/orderservice/internal/bootstrap/lifecycle.go:45.37,46.26 1 0
github.com/Dmitrii-Khramtsov/orderservice/internal/bootstrap/lifecycle.go:46.26,47.12 1 0
github.com/Dmitrii-Khramtsov/orderservice/internal/bootstrap/lifecycle.go:49.3,49.52 1 0
github.com/Dmitrii-Khramtsov/orderservice/internal/bootstrap/lifecycle.go:49.52,54.4 1 0
github.com/Dmitrii-Khramtsov/orderservice/internal/bootstrap/lifecycle.go:54.9,58.4 1 0
github.com/Dmitrii-Khramtsov/orderservice/internal/bootstrap/lifecycle.go:61.2,61.37 1 0
github.com/Dmitrii-Khramtsov/orderservice/internal/bootstrap/lifecycle.go:65.55,67.16 2 0
github.com/Dmitrii-Khramtsov/orderservice/internal/bootstrap/lifecycle.go:67.16,70.3 2 0
github.com/Dmitrii-Khramtsov/orderservice/internal/bootstrap/lifecycle.go:72.2,72.27 1 0
github.com/Dmitrii-Khramtsov/orderservice/internal/bootstrap/lifecycle.go:72.27,74.3 1 0
github.com/Dmitrii-Khramtsov/orderservice/internal/bootstrap/lifecycle.go:76.2,76.72 1 0
github.com/Dmitrii-Khramtsov/orderservice/internal/bootstrap/migrator.go:16.129,17.28 1 0
github.com/Dmitrii-Khramtsov/orderservice/internal/bootstrap/migrator.go:17.28,19.3 1 0
github.com/Dmitrii-Khramtsov/orderservice/internal/bootstrap/migrator.go:21.2,24.62 3 0
github.com/Dmitrii-Khramtsov/orderservice/internal/bootstrap/migrator.go:24.62,27.3 2 0
github.com/Dmitrii-Khramtsov/orderservice/internal/bootstrap/migrator.go:29.2,30.12 2 0
github.com/Dmitrii-Khramtsov/orderservice/internal/domain/repositories/repository.go:10.54,14.2 1 0
github.com/Dmitrii-Khramtsov/orderservice/internal/domain/entities/item.go:18.39,30.2 1 0
github.com/Dmitrii-Khramtsov/orderservice/internal/domain/entities/order.go:23.41,28.2 1 0
github.com/Dmitrii-Khramtsov/orderservice/internal/domain/entities/order.go:30.52,41.2 1 0
github.com/Dmitrii-Khramtsov/orderservice/internal/domain/entities/order.go:43.49,51.2 1 0
github.com/Dmitrii-Khramtsov/orderservice/internal/domain/entities/order.go:53.48,64.2 1 0
github.com/Dmitrii-Khramtsov/orderservice/internal/domain/entities/order.go:66.46,67.38 1 0
github.com/Dmitrii-Khramtsov/orderservice/internal/domain/entities/order.go:67.38,69.3 1 0
github.com/Dmitrii-Khramtsov/orderservice/internal/domain/entities/order.go:70.2,70.25 1 0
github.com/Dmitrii-Khramtsov/orderservice/internal/domain/entities/order.go:70.25,71.40 1 0
github.com/Dmitrii-Khramtsov/orderservice/internal/domain/entities/order.go:71.40,73.4 1 0
github.com/Dmitrii-Khramtsov/orderservice/internal/domain/entities/order.go:75.2,75.13 1 0
github.com/Dmitrii-Khramtsov/orderservice/internal/domain/entities/order.go:78.33,79.9 1 0
github.com/Dmitrii-Khramtsov/orderservice/internal/domain/entities/order.go:80.24,81.29 1 0
github.com/Dmitrii-Khramtsov/orderservice/internal/domain/entities/order.go:82.27,83.32 1 0
github.com/Dmitrii-Khramtsov/orderservice/internal/domain/entities/order.go:84.25,85.23 1 0
github.com/Dmitrii-Khramtsov/orderservice/internal/domain/entities/order.go:86.28,87.33 1 0
github.com/Dmitrii-Khramtsov/orderservice/internal/domain/entities/order.go:88.74,89.31 1 0
github.com/Dmitrii-Khramtsov/orderservice/internal/domain/entities/order.go:90.75,91.31 1 0
github.com/Dmitrii-Khramtsov/orderservice/internal/domain/entities/order.go:93.2,93.12 1 0
github.com/Dmitrii-Khramtsov/orderservice/cmd/server/main.go:18.14,19.40 1 0
github.com/Dmitrii-Khramtsov/orderservice/cmd/server/main.go:19.40,21.3 1 0
github.com/Dmitrii-Khramtsov/orderservice/cmd/server/main.go:23.2,24.16 2 0
github.com/Dmitrii-Khramtsov/orderservice/cmd/server/main.go:24.16,26.3 1 0
github.com/Dmitrii-Khramtsov/orderservice/cmd/server/main.go:28.2,37.19 7 0
github.com/Dmitrii-Khramtsov/orderservice/internal/infrastructure/config/config.go:55.47,60.45 3 0
github.com/Dmitrii-Khramtsov/orderservice/internal/infrastructure/config/config.go:60.45,62.3 1 0
github.com/Dmitrii-Khramtsov/orderservice/internal/infrastructure/config/config.go:64.2,69.46 5 0
github.com/Dmitrii-Khramtsov/orderservice/internal/infrastructure/config/config.go:69.46,71.3 1 0
github.com/Dmitrii-Khramtsov/orderservice/internal/infrastructure/config/config.go:73.2,73.18 1 0
github.com/Dmitrii-Khramtsov/orderservice/internal/interface/http/router/router.go:10.44,21.2 9 0
github.com/Dmitrii-Khramtsov/orderservice/scripts/main.go:20.46,23.19 3 0
github.com/Dmitrii-Khramtsov/orderservice/scripts/main.go:23.19,25.3 1 0
github.com/Dmitrii-Khramtsov/orderservice/scripts/main.go:26.2,26.18 1 0
github.com/Dmitrii-Khramtsov/orderservice/scripts/main.go:29.46,43.2 1 0
github.com/Dmitrii-Khramtsov/orderservice/scripts/main.go:45.43,84.2 1 0
github.com/Dmitrii-Khramtsov/orderservice/scripts/main.go:86.73,88.16 2 0
github.com/Dmitrii-Khramtsov/orderservice/scripts/main.go:88.16,90.3 1 0
github.com/Dmitrii-Khramtsov/orderservice/scripts/main.go:91.2,94.4 1 0
github.com/Dmitrii-Khramtsov/orderservice/scripts/main.go:97.13,99.46 1 0
github.com/Dmitrii-Khramtsov/orderservice/scripts/main.go:99.46,101.3 1 0
github.com/Dmitrii-Khramtsov/orderservice/scripts/main.go:104.2,105.25 2 0
github.com/Dmitrii-Khramtsov/orderservice/scripts/main.go:105.25,107.3 1 0
github.com/Dmitrii-Khramtsov/orderservice/scripts/main.go:109.2,110.17 2 0
github.com/Dmitrii-Khramtsov/orderservice/scripts/main.go:110.17,112.3 1 0
github.com/Dmitrii-Khramtsov/orderservice/scripts/main.go:114.2,115.22 2 0
github.com/Dmitrii-Khramtsov/orderservice/scripts/main.go:115.22,117.3 1 0
github.com/Dmitrii-Khramtsov/orderservice/scripts/main.go:119.2,120.18 2 0
github.com/Dmitrii-Khramtsov/orderservice/scripts/main.go:120.18,122.3 1 0
github.com/Dmitrii-Khramtsov/orderservice/scripts/main.go:124.2,129.16 4 0
github.com/Dmitrii-Khramtsov/orderservice/scripts/main.go:129.16,131.3 1 0
github.com/Dmitrii-Khramtsov/orderservice/scripts/main.go:132.2,135.16 3 0
github.com/Dmitrii-Khramtsov/orderservice/scripts/main.go:135.16,137.3 1 0
github.com/Dmitrii-Khramtsov/orderservice/scripts/main.go:139.2,140.16 2 0
github.com/Dmitrii-Khramtsov/orderservice/scripts/main.go:140.16,142.3 1 0
github.com/Dmitrii-Khramtsov/orderservice/scripts/main.go:143.2,160.35 5 0
github.com/Dmitrii-Khramtsov/orderservice/scripts/main.go:160.35,162.57 2 0
github.com/Dmitrii-Khramtsov/orderservice/scripts/main.go:162.57,164.12 2 0
github.com/Dmitrii-Khramtsov/orderservice/scripts/main.go:166.3,167.56 2 0
github.com/Dmitrii-Khramtsov/orderservice/internal/infrastructure/migrations/migrations.go:15.108,17.16 2 0
github.com/Dmitrii-Khramtsov/orderservice/internal/infrastructure/migrations/migrations.go:17.16,20.3 2 0
github.com/Dmitrii-Khramtsov/orderservice/internal/infrastructure/migrations/migrations.go:22.2,25.16 2 0
github.com/Dmitrii-Khramtsov/orderservice/internal/infrastructure/migrations/migrations.go:25.16,28.3 2 0
github.com/Dmitrii-Khramtsov/orderservice/internal/infrastructure/migrations/migrations.go:30.2,30.61 1 0
github.com/Dmitrii-Khramtsov/orderservice/internal/infrastructure/migrations/migrations.go:30.61,33.3 2 0
github.com/Dmitrii-Khramtsov/orderservice/internal/infrastructure/migrations/migrations.go:35.2,36.12 2 0
github.com/Dmitrii-Khramtsov/orderservice/internal/infrastructure/kafka/consumer.go:48.21,76.2 4 0
github.com/Dmitrii-Khramtsov/orderservice/internal/infrastructure/kafka/consumer.go:78.28,80.12 2 0
github.com/Dmitrii-Khramtsov/orderservice/internal/infrastructure/kafka/consumer.go:80.12,83.3 2 0
github.com/Dmitrii-Khramtsov/orderservice/internal/infrastructure/kafka/consumer.go:86.34,87.6 1 0
github.com/Dmitrii-Khramtsov/orderservice/internal/infrastructure/kafka/consumer.go:87.6,88.10 1 0
github.com/Dmitrii-Khramtsov/orderservice/internal/infrastructure/kafka/consumer.go:89.23,90.10 1 0
github.com/Dmitrii-Khramtsov/orderservice/internal/infrastructure/kafka/consumer.go:91.11,93.18 2 0
github.com/Dmitrii-Khramtsov/orderservice/internal/infrastructure/kafka/consumer.go:93.18,94.27 1 0
github.com/Dmitrii-Khramtsov/orderservice/internal/infrastructure/kafka/consumer.go:94.27,96.6 1 0
github.com/Dmitrii-Khramtsov/orderservice/internal/infrastructure/kafka/consumer.go:97.5,99.13 3 0
github.com/Dmitrii-Khramtsov/orderservice/internal/infrastructure/kafka/consumer.go:102.4,102.50 1 0
github.com/Dmitrii-Khramtsov/orderservice/internal/infrastructure/kafka/consumer.go:102.50,109.44 2 0
github.com/Dmitrii-Khramtsov/orderservice/internal/infrastructure/kafka/consumer.go:109.44,114.6 1 0
github.com/Dmitrii-Khramtsov/orderservice/internal/infrastructure/kafka/consumer.go:117.4,117.62 1 0
github.com/Dmitrii-Khramtsov/orderservice/internal/infrastructure/kafka/consumer.go:117.62,122.5 1 0
github.com/Dmitrii-Khramtsov/orderservice/internal/infrastructure/kafka/consumer.go:127.62,138.28 9 0
github.com/Dmitrii-Khramtsov/orderservice/internal/infrastructure/kafka/consumer.go:138.28,141.17 3 0
github.com/Dmitrii-Khramtsov/orderservice/internal/infrastructure/kafka/consumer.go:141.17,143.4 1 0
github.com/Dmitrii-Khramtsov/orderservice/internal/infrastructure/kafka/consumer.go:145.3,146.17 2 0
github.com/Dmitrii-Khramtsov/orderservice/internal/infrastructure/kafka/consumer.go:146.17,153.4 2 0
github.com/Dmitrii-Khramtsov/orderservice/internal/infrastructure/kafka/consumer.go:154.3,154.13 1 0
github.com/Dmitrii-Khramtsov/orderservice/internal/infrastructure/kafka/consumer.go:157.2,158.43 2 0
github.com/Dmitrii-Khramtsov/orderservice/internal/infrastructure/kafka/consumer.go:158.43,160.3 1 0
github.com/Dmitrii-Khramtsov/orderservice/internal/infrastructure/kafka/consumer.go:161.2,161.12 1 0
github.com/Dmitrii-Khramtsov/orderservice/internal/infrastructure/kafka/consumer.go:164.69,168.2 3 0
github.com/Dmitrii-Khramtsov/orderservice/internal/infrastructure/kafka/consumer.go:170.55,176.2 1 0
github.com/Dmitrii-Khramtsov/orderservice/internal/infrastructure/kafka/consumer.go:178.56,182.41 3 0
github.com/Dmitrii-Khramtsov/orderservice/internal/infrastructure/kafka/consumer.go:182.41,185.3 2 0
github.com/Dmitrii-Khramtsov/orderservice/internal/infrastructure/kafka/consumer.go:187.2,187.44 1 0
github.com/Dmitrii-Khramtsov/orderservice/internal/infrastructure/kafka/consumer.go:187.44,190.3 2 0
github.com/Dmitrii-Khramtsov/orderservice/internal/infrastructure/kafka/consumer.go:192.2,193.12 2 0
github.com/Dmitrii-Khramtsov/orderservice/internal/infrastructure/kafka/consumer.go:193.12,196.3 2 0
github.com/Dmitrii-Khramtsov/orderservice/internal/infrastructure/kafka/consumer.go:198.2,198.9 1 0
github.com/Dmitrii-Khramtsov/orderservice/internal/infrastructure/kafka/consumer.go:199.14,201.13 2 0
github.com/Dmitrii-Khramtsov/orderservice/internal/infrastructure/kafka/consumer.go:202.20,204.19 2 0
github.com/Dmitrii-Khramtsov/orderservice/internal/infrastructure/logger/logger.go:33.49,37.11 3 0
github.com/Dmitrii-Khramtsov/orderservice/internal/infrastructure/logger/logger.go:38.11,39.32 1 0
github.com/Dmitrii-Khramtsov/orderservice/internal/infrastructure/logger/logger.go:40.12,41.31 1 0
github.com/Dmitrii-Khramtsov/orderservice/internal/infrastructure/logger/logger.go:42.10,43.32 1 0
github.com/Dmitrii-Khramtsov/orderservice/internal/infrastructure/logger/logger.go:46.2,46.16 1 0
github.com/Dmitrii-Khramtsov/orderservice/internal/infrastructure/logger/logger.go:46.16,48.3 1 0
github.com/Dmitrii-Khramtsov/orderservice/internal/infrastructure/logger/logger.go:50.2,50.29 1 0
github.com/Dmitrii-Khramtsov/orderservice/internal/infrastructure/logger/logger.go:53.57,55.2 1 0
github.com/Dmitrii-Khramtsov/orderservice/internal/infrastructure/logger/logger.go:57.56,59.2 1 0
github.com/Dmitrii-Khramtsov/orderservice/internal/infrastructure/logger/logger.go:61.56,63.2 1 0
github.com/Dmitrii-Khramtsov/orderservice/internal/infrastructure/logger/logger.go:65.57,67.2 1 0
github.com/Dmitrii-Khramtsov/orderservice/internal/infrastructure/logger/logger.go:69.25,71.2 1 0
github.com/Dmitrii-Khramtsov/orderservice/internal/infrastructure/logger/logger.go:73.54,74.37 1 0
github.com/Dmitrii-Khramtsov/orderservice/internal/infrastructure/logger/logger.go:74.37,77.3 2 0
github.com/Dmitrii-Khramtsov/orderservice/internal/infrastructure/logger/logger.go:78.2,78.12 1 0
github.com/Dmitrii-Khramtsov/orderservice/internal/interface/http/handler/order_handler.go:23.99,28.2 1 0
github.com/Dmitrii-Khramtsov/orderservice/internal/interface/http/handler/order_handler.go:30.84,33.53 3 0
github.com/Dmitrii-Khramtsov/orderservice/internal/interface/http/handler/order_handler.go:33.53,36.3 2 0
github.com/Dmitrii-Khramtsov/orderservice/internal/interface/http/handler/order_handler.go:39.71,42.16 3 0
github.com/Dmitrii-Khramtsov/orderservice/internal/interface/http/handler/order_handler.go:42.16,45.3 2 0
github.com/Dmitrii-Khramtsov/orderservice/internal/interface/http/handler/order_handler.go:47.2,48.16 2 0
github.com/Dmitrii-Khramtsov/orderservice/internal/interface/http/handler/order_handler.go:48.16,51.3 2 0
github.com/Dmitrii-Khramtsov/orderservice/internal/interface/http/handler/order_handler.go:53.2,54.59 2 0
github.com/Dmitrii-Khramtsov/orderservice/internal/interface/http/handler/order_handler.go:57.84,59.63 2 0
github.com/Dmitrii-Khramtsov/orderservice/internal/interface/http/handler/order_handler.go:59.63,61.3 1 0
github.com/Dmitrii-Khramtsov/orderservice/internal/interface/http/handler/order_handler.go:62.2,62.19 1 0
github.com/Dmitrii-Khramtsov/orderservice/internal/interface/http/handler/order_handler.go:65.76,71.2 2 0
github.com/Dmitrii-Khramtsov/orderservice/internal/interface/http/handler/order_handler.go:73.77,74.44 1 0
github.com/Dmitrii-Khramtsov/orderservice/internal/interface/http/handler/order_handler.go:74.44,77.3 2 0
github.com/Dmitrii-Khramtsov/orderservice/internal/interface/http/handler/order_handler.go:77.8,80.3 2 0
github.com/Dmitrii-Khramtsov/orderservice/internal/interface/http/handler/order_handler.go:83.92,88.2 1 0
github.com/Dmitrii-Khramtsov/orderservice/internal/interface/http/handler/order_handler.go:90.72,94.45 4 0
github.com/Dmitrii-Khramtsov/orderservice/internal/interface/http/handler/order_handler.go:94.45,97.3 2 0
github.com/Dmitrii-Khramtsov/orderservice/internal/interface/http/handler/order_handler.go:98.2,99.46 2 0
github.com/Dmitrii-Khramtsov/orderservice/internal/interface/http/handler/order_handler.go:102.71,105.16 3 0
github.com/Dmitrii-Khramtsov/orderservice/internal/interface/http/handler/order_handler.go:105.16,109.3 3 0
github.com/Dmitrii-Khramtsov/orderservice/internal/interface/http/handler/order_handler.go:110.2,111.47 2 0
github.com/Dmitrii-Khramtsov/orderservice/internal/interface/http/handler/order_handler.go:114.71,118.45 4 0
github.com/Dmitrii-Khramtsov/orderservice/internal/interface/http/handler/order_handler.go:118.45,121.3 2 0
github.com/Dmitrii-Khramtsov/orderservice/internal/interface/http/handler/order_handler.go:122.2,123.95 2 0
github.com/Dmitrii-Khramtsov/orderservice/internal/interface/http/handler/order_handler.go:126.70,128.46 2 0
github.com/Dmitrii-Khramtsov/orderservice/internal/interface/http/handler/order_handler.go:128.46,132.3 3 0
github.com/Dmitrii-Khramtsov/orderservice/internal/interface/http/handler/order_handler.go:133.2,134.79 2 0
github.com/Dmitrii-Khramtsov/orderservice/internal/infrastructure/cache/order_cache_lru.go:27.69,28.19 1 14
github.com/Dmitrii-Khramtsov/orderservice/internal/infrastructure/cache/order_cache_lru.go:28.19,31.3 2 1
github.com/Dmitrii-Khramtsov/orderservice/internal/infrastructure/cache/order_cache_lru.go:32.2,37.3 1 14
github.com/Dmitrii-Khramtsov/orderservice/internal/infrastructure/cache/order_cache_lru.go:40.67,44.44 3 124
github.com/Dmitrii-Khramtsov/orderservice/internal/infrastructure/cache/order_cache_lru.go:44.44,50.3 5 2
github.com/Dmitrii-Khramtsov/orderservice/internal/infrastructure/cache/order_cache_lru.go:52.2,52.48 1 122
github.com/Dmitrii-Khramtsov/orderservice/internal/infrastructure/cache/order_cache_lru.go:52.48,54.22 2 3
github.com/Dmitrii-Khramtsov/orderservice/internal/infrastructure/cache/order_cache_lru.go:54.22,59.4 4 3
github.com/Dmitrii-Khramtsov/orderservice/internal/infrastructure/cache/order_cache_lru.go:62.2,64.28 3 122
github.com/Dmitrii-Khramtsov/orderservice/internal/infrastructure/cache/order_cache_lru.go:67.68,72.12 4 121
github.com/Dmitrii-Khramtsov/orderservice/internal/infrastructure/cache/order_cache_lru.go:72.12,75.3 2 8
github.com/Dmitrii-Khramtsov/orderservice/internal/infrastructure/cache/order_cache_lru.go:77.2,80.26 4 113
github.com/Dmitrii-Khramtsov/orderservice/internal/infrastructure/cache/order_cache_lru.go:83.69,87.16 3 2
github.com/Dmitrii-Khramtsov/orderservice/internal/infrastructure/cache/order_cache_lru.go:87.16,90.3 2 0
github.com/Dmitrii-Khramtsov/orderservice/internal/infrastructure/cache/order_cache_lru.go:92.2,93.26 2 2
github.com/Dmitrii-Khramtsov/orderservice/internal/infrastructure/cache/order_cache_lru.go:93.26,99.3 2 1
github.com/Dmitrii-Khramtsov/orderservice/internal/infrastructure/cache/order_cache_lru.go:101.2,103.77 3 2
github.com/Dmitrii-Khramtsov/orderservice/internal/infrastructure/cache/order_cache_lru.go:103.77,107.3 3 4
github.com/Dmitrii-Khramtsov/orderservice/internal/infrastructure/cache/order_cache_lru.go:109.2,113.20 2 2
github.com/Dmitrii-Khramtsov/orderservice/internal/infrastructure/cache/order_cache_lru.go:116.53,120.44 3 1
github.com/Dmitrii-Khramtsov/orderservice/internal/infrastructure/cache/order_cache_lru.go:120.44,125.3 4 1
github.com/Dmitrii-Khramtsov/orderservice/internal/infrastructure/cache/order_cache_lru.go:127.2,128.14 2 0
github.com/Dmitrii-Khramtsov/orderservice/internal/infrastructure/cache/order_cache_lru.go:131.33,133.24 2 2
github.com/Dmitrii-Khramtsov/orderservice/internal/infrastructure/cache/order_cache_lru.go:133.24,135.3 1 0
github.com/Dmitrii-Khramtsov/orderservice/internal/infrastructure/cache/order_cache_lru.go:136.2,137.13 2 2
github.com/Dmitrii-Khramtsov/orderservice/internal/infrastructure/cache/order_cache_lru.go:140.33,145.2 4 1
github.com/Dmitrii-Khramtsov/orderservice/internal/infrastructure/cache/order_cache_lru.go:147.61,153.2 5 1
github.com/Dmitrii-Khramtsov/orderservice/internal/infrastructure/database/postgres_repository.go:22.111,23.15 1 1
github.com/Dmitrii-Khramtsov/orderservice/internal/infrastructure/database/postgres_repository.go:23.15,25.3 1 0
github.com/Dmitrii-Khramtsov/orderservice/internal/infrastructure/database/postgres_repository.go:26.2,26.62 1 1
github.com/Dmitrii-Khramtsov/orderservice/internal/infrastructure/database/postgres_repository.go:29.94,31.16 2 5
github.com/Dmitrii-Khramtsov/orderservice/internal/infrastructure/database/postgres_repository.go:31.16,33.3 1 0
github.com/Dmitrii-Khramtsov/orderservice/internal/infrastructure/database/postgres_repository.go:34.2,36.52 2 5
github.com/Dmitrii-Khramtsov/orderservice/internal/infrastructure/database/postgres_repository.go:36.52,38.3 1 0
github.com/Dmitrii-Khramtsov/orderservice/internal/infrastructure/database/postgres_repository.go:40.2,40.55 1 5
github.com/Dmitrii-Khramtsov/orderservice/internal/infrastructure/database/postgres_repository.go:40.55,42.3 1 0
github.com/Dmitrii-Khramtsov/orderservice/internal/infrastructure/database/postgres_repository.go:44.2,44.54 1 5
github.com/Dmitrii-Khramtsov/orderservice/internal/infrastructure/database/postgres_repository.go:44.54,46.3 1 0
github.com/Dmitrii-Khramtsov/orderservice/internal/infrastructure/database/postgres_repository.go:48.2,48.52 1 5
github.com/Dmitrii-Khramtsov/orderservice/internal/infrastructure/database/postgres_repository.go:48.52,50.3 1 0
github.com/Dmitrii-Khramtsov/orderservice/internal/infrastructure/database/postgres_repository.go:52.2,52.20 1 5
github.com/Dmitrii-Khramtsov/orderservice/internal/infrastructure/database/postgres_repository.go:55.107,77.16 3 5
github.com/Dmitrii-Khramtsov/orderservice/internal/infrastructure/database/postgres_repository.go:77.16,80.3 2 0
github.com/Dmitrii-Khramtsov/orderservice/internal/infrastructure/database/postgres_repository.go:82.2,82.12 1 5
github.com/Dmitrii-Khramtsov/orderservice/internal/infrastructure/database/postgres_repository.go:85.110,113.16 4 5
github.com/Dmitrii-Khramtsov/orderservice/internal/infrastructure/database/postgres_repository.go:113.16,116.3 2 0
github.com/Dmitrii-Khramtsov/orderservice/internal/infrastructure/database/postgres_repository.go:118.2,118.12 1 5
github.com/Dmitrii-Khramtsov/orderservice/internal/infrastructure/database/postgres_repository.go:121.109,157.16 4 5
github.com/Dmitrii-Khramtsov/orderservice/internal/infrastructure/database/postgres_repository.go:157.16,160.3 2 0
github.com/Dmitrii-Khramtsov/orderservice/internal/infrastructure/database/postgres_repository.go:162.2,162.12 1 5
github.com/Dmitrii-Khramtsov/orderservice/internal/infrastructure/database/postgres_repository.go:165.107,169.16 3 5
github.com/Dmitrii-Khramtsov/orderservice/internal/infrastructure/database/postgres_repository.go:169.16,172.3 2 0
github.com/Dmitrii-Khramtsov/orderservice/internal/infrastructure/database/postgres_repository.go:175.2,185.35 2 5
github.com/Dmitrii-Khramtsov/orderservice/internal/infrastructure/database/postgres_repository.go:185.35,202.17 3 5
github.com/Dmitrii-Khramtsov/orderservice/internal/infrastructure/database/postgres_repository.go:202.17,205.4 2 0
github.com/Dmitrii-Khramtsov/orderservice/internal/infrastructure/database/postgres_repository.go:208.2,208.12 1 5
github.com/Dmitrii-Khramtsov/orderservice/internal/infrastructure/database/postgres_repository.go:211.100,228.16 3 5
github.com/Dmitrii-Khramtsov/orderservice/internal/infrastructure/database/postgres_repository.go:228.16,229.36 1 0
github.com/Dmitrii-Khramtsov/orderservice/internal/infrastructure/database/postgres_repository.go:229.36,231.4 1 0
github.com/Dmitrii-Khramtsov/orderservice/internal/infrastructure/database/postgres_repository.go:232.3,233.69 2 0
github.com/Dmitrii-Khramtsov/orderservice/internal/infrastructure/database/postgres_repository.go:235.2,240.18 4 5
github.com/Dmitrii-Khramtsov/orderservice/internal/infrastructure/database/postgres_repository.go:240.18,258.17 5 3
github.com/Dmitrii-Khramtsov/orderservice/internal/infrastructure/database/postgres_repository.go:258.17,261.4 2 0
github.com/Dmitrii-Khramtsov/orderservice/internal/infrastructure/database/postgres_repository.go:263.3,265.30 3 3
github.com/Dmitrii-Khramtsov/orderservice/internal/infrastructure/database/postgres_repository.go:268.2,268.26 1 5
github.com/Dmitrii-Khramtsov/orderservice/internal/infrastructure/database/postgres_repository.go:268.26,270.3 1 2
github.com/Dmitrii-Khramtsov/orderservice/internal/infrastructure/database/postgres_repository.go:272.2,273.19 2 3
github.com/Dmitrii-Khramtsov/orderservice/internal/infrastructure/database/postgres_repository.go:276.95,279.16 3 2
github.com/Dmitrii-Khramtsov/orderservice/internal/infrastructure/database/postgres_repository.go:279.16,282.3 2 0
github.com/Dmitrii-Khramtsov/orderservice/internal/infrastructure/database/postgres_repository.go:283.2,286.18 3 2
github.com/Dmitrii-Khramtsov/orderservice/internal/infrastructure/database/postgres_repository.go:286.18,288.46 2 1
github.com/Dmitrii-Khramtsov/orderservice/internal/infrastructure/database/postgres_repository.go:288.46,290.12 2 0
github.com/Dmitrii-Khramtsov/orderservice/internal/infrastructure/database/postgres_repository.go:293.3,294.17 2 1
github.com/Dmitrii-Khramtsov/orderservice/internal/infrastructure/database/postgres_repository.go:294.17,296.12 2 0
github.com/Dmitrii-Khramtsov/orderservice/internal/infrastructure/database/postgres_repository.go:299.3,299.33 1 1
github.com/Dmitrii-Khramtsov/orderservice/internal/infrastructure/database/postgres_repository.go:302.2,302.20 1 2
github.com/Dmitrii-Khramtsov/orderservice/internal/infrastructure/database/postgres_repository.go:305.85,308.16 3 1
github.com/Dmitrii-Khramtsov/orderservice/internal/infrastructure/database/postgres_repository.go:308.16,311.3 2 0
github.com/Dmitrii-Khramtsov/orderservice/internal/infrastructure/database/postgres_repository.go:313.2,314.16 2 1
github.com/Dmitrii-Khramtsov/orderservice/internal/infrastructure/database/postgres_repository.go:314.16,316.3 1 0
github.com/Dmitrii-Khramtsov/orderservice/internal/infrastructure/database/postgres_repository.go:318.2,318.23 1 1
github.com/Dmitrii-Khramtsov/orderservice/internal/infrastructure/database/postgres_repository.go:318.23,320.3 1 0
github.com/Dmitrii-Khramtsov/orderservice/internal/infrastructure/database/postgres_repository.go:322.2,322.12 1 1
github.com/Dmitrii-Khramtsov/orderservice/internal/infrastructure/database/postgres_repository.go:325.74,328.16 3 1
github.com/Dmitrii-Khramtsov/orderservice/internal/infrastructure/database/postgres_repository.go:328.16,331.3 2 0
github.com/Dmitrii-Khramtsov/orderservice/internal/infrastructure/database/postgres_repository.go:332.2,332.12 1 1
github.com/Dmitrii-Khramtsov/orderservice/internal/infrastructure/database/postgres_repository.go:335.71,337.2 1 0
github.com/Dmitrii-Khramtsov/orderservice/internal/infrastructure/database/retrying_repository.go:29.132,35.2 1 5
github.com/Dmitrii-Khramtsov/orderservice/internal/infrastructure/database/retrying_repository.go:37.96,45.36 7 5
github.com/Dmitrii-Khramtsov/orderservice/internal/infrastructure/database/retrying_repository.go:45.36,46.10 1 23
github.com/Dmitrii-Khramtsov/orderservice/internal/infrastructure/database/retrying_repository.go:47.21,48.39 1 0
github.com/Dmitrii-Khramtsov/orderservice/internal/infrastructure/database/retrying_repository.go:49.11,50.22 1 23
github.com/Dmitrii-Khramtsov/orderservice/internal/infrastructure/database/retrying_repository.go:55.94,56.39 1 4
github.com/Dmitrii-Khramtsov/orderservice/internal/infrastructure/database/retrying_repository.go:56.39,58.17 2 21
github.com/Dmitrii-Khramtsov/orderservice/internal/infrastructure/database/retrying_repository.go:58.17,63.4 1 19
github.com/Dmitrii-Khramtsov/orderservice/internal/infrastructure/database/retrying_repository.go:64.3,64.13 1 21
github.com/Dmitrii-Khramtsov/orderservice/internal/infrastructure/database/retrying_repository.go:68.100,72.28 3 1
github.com/Dmitrii-Khramtsov/orderservice/internal/infrastructure/database/retrying_repository.go:72.28,74.17 2 2
github.com/Dmitrii-Khramtsov/orderservice/internal/infrastructure/database/retrying_repository.go:74.17,79.4 1 1
github.com/Dmitrii-Khramtsov/orderservice/internal/infrastructure/database/retrying_repository.go:80.3,80.13 1 2
github.com/Dmitrii-Khramtsov/orderservice/internal/infrastructure/database/retrying_repository.go:83.2,84.19 2 1
github.com/Dmitrii-Khramtsov/orderservice/internal/infrastructure/database/retrying_repository.go:87.95,91.28 3 0
github.com/Dmitrii-Khramtsov/orderservice/internal/infrastructure/database/retrying_repository.go:91.28,93.17 2 0
github.com/Dmitrii-Khramtsov/orderservice/internal/infrastructure/database/retrying_repository.go:93.17,95.4 1 0
github.com/Dmitrii-Khramtsov/orderservice/internal/infrastructure/database/retrying_repository.go:96.3,96.13 1 0
github.com/Dmitrii-Khramtsov/orderservice/internal/infrastructure/database/retrying_repository.go:99.2,100.20 2 0
github.com/Dmitrii-Khramtsov/orderservice/internal/infrastructure/database/retrying_repository.go:103.85,104.39 1 0
github.com/Dmitrii-Khramtsov/orderservice/internal/infrastructure/database/retrying_repository.go:104.39,106.17 2 0
github.com/Dmitrii-Khramtsov/orderservice/internal/infrastructure/database/retrying_repository.go:106.17,111.4 1 0
github.com/Dmitrii-Khramtsov/orderservice/internal/infrastructure/database/retrying_repository.go:112.3,112.13 1 0
github.com/Dmitrii-Khramtsov/orderservice/internal/infrastructure/database/retrying_repository.go:116.74,117.39 1 0
github.com/Dmitrii-Khramtsov/orderservice/internal/infrastructure/database/retrying_repository.go:117.39,119.17 2 0
github.com/Dmitrii-Khramtsov/orderservice/internal/infrastructure/database/retrying_repository.go:119.17,121.4 1 0
github.com/Dmitrii-Khramtsov/orderservice/internal/infrastructure/database/retrying_repository.go:122.3,122.13 1 0
github.com/Dmitrii-Khramtsov/orderservice/internal/infrastructure/database/retrying_repository.go:126.71,128.2 1 0
